This is pdfTeX, Version 3.14159265-2.6-1.40.17 (TeX Live 2016/NixOS.org) (preloaded format=latex 2018.7.5)  20 FEB 2019 07:54
entering extended mode
 restricted \write18 enabled.
 %&-line parsing enabled.
**fig3V_b.tex
(./fig3V_b.tex
LaTeX2e <2016/03/31> patch level 1
Babel <3.9r> and hyphenation patterns for 86 language(s) loaded.

(/cvmfs/soft.computecanada.ca/nix/store/c405hz8d8d1mvmz8qqfvk26h2wbcdpcv-texliv
e-combined-full-2016/share/texmf/tex/latex/base/minimal.cls
Document Class: minimal 2001/05/25 Standard LaTeX minimal class
)
(/cvmfs/soft.computecanada.ca/nix/store/c405hz8d8d1mvmz8qqfvk26h2wbcdpcv-texliv
e-combined-full-2016/share/texmf/tex/latex/extsizes/size9.clo
File: size9.clo 1999/11/11 v1.4a NON-Standard LaTeX file (size option)
)
(/cvmfs/soft.computecanada.ca/nix/store/c405hz8d8d1mvmz8qqfvk26h2wbcdpcv-texliv
e-combined-full-2016/share/texmf/tex/latex/graphics/graphicx.sty
Package: graphicx 2014/10/28 v1.0g Enhanced LaTeX Graphics (DPC,SPQR)

(/cvmfs/soft.computecanada.ca/nix/store/c405hz8d8d1mvmz8qqfvk26h2wbcdpcv-texliv
e-combined-full-2016/share/texmf/tex/latex/graphics/keyval.sty
Package: keyval 2014/10/28 v1.15 key=value parser (DPC)
\KV@toks@=\toks14
)
(/cvmfs/soft.computecanada.ca/nix/store/c405hz8d8d1mvmz8qqfvk26h2wbcdpcv-texliv
e-combined-full-2016/share/texmf/tex/latex/graphics/graphics.sty
Package: graphics 2016/06/02 v1.0s Standard LaTeX Graphics (DPC,SPQR)

(/cvmfs/soft.computecanada.ca/nix/store/c405hz8d8d1mvmz8qqfvk26h2wbcdpcv-texliv
e-combined-full-2016/share/texmf/tex/latex/graphics/trig.sty
Package: trig 2016/01/03 v1.10 sin cos tan (DPC)
)
(/cvmfs/soft.computecanada.ca/nix/store/c405hz8d8d1mvmz8qqfvk26h2wbcdpcv-texliv
e-combined-full-2016/share/texmf/tex/latex/graphics-cfg/graphics.cfg
File: graphics.cfg 2016/06/04 v1.11 sample graphics configuration
)
Package graphics Info: Driver file: dvips.def on input line 99.

(/cvmfs/soft.computecanada.ca/nix/store/c405hz8d8d1mvmz8qqfvk26h2wbcdpcv-texliv
e-combined-full-2016/share/texmf/tex/latex/graphics/dvips.def
File: dvips.def 2016/06/17 v3.0m Driver-dependent file (DPC,SPQR)
))
\Gin@req@height=\dimen102
\Gin@req@width=\dimen103
)
(/cvmfs/soft.computecanada.ca/nix/store/c405hz8d8d1mvmz8qqfvk26h2wbcdpcv-texliv
e-combined-full-2016/share/texmf/tex/latex/graphics/color.sty
Package: color 2016/06/02 v1.1d Standard LaTeX Color (DPC)

(/cvmfs/soft.computecanada.ca/nix/store/c405hz8d8d1mvmz8qqfvk26h2wbcdpcv-texliv
e-combined-full-2016/share/texmf/tex/latex/graphics-cfg/color.cfg
File: color.cfg 2016/01/02 v1.6 sample color configuration
)
Package color Info: Driver file: dvips.def on input line 147.

(/cvmfs/soft.computecanada.ca/nix/store/c405hz8d8d1mvmz8qqfvk26h2wbcdpcv-texliv
e-combined-full-2016/share/texmf/tex/latex/graphics/dvipsnam.def
File: dvipsnam.def 2016/06/17 v3.0m Driver-dependent file (DPC,SPQR)
))
(/cvmfs/soft.computecanada.ca/nix/store/c405hz8d8d1mvmz8qqfvk26h2wbcdpcv-texliv
e-combined-full-2016/share/texmf/tex/latex/geometry/geometry.sty
Package: geometry 2010/09/12 v5.6 Page Geometry

(/cvmfs/soft.computecanada.ca/nix/store/c405hz8d8d1mvmz8qqfvk26h2wbcdpcv-texliv
e-combined-full-2016/share/texmf/tex/generic/oberdiek/ifpdf.sty
Package: ifpdf 2016/05/14 v3.1 Provides the ifpdf switch
)
(/cvmfs/soft.computecanada.ca/nix/store/c405hz8d8d1mvmz8qqfvk26h2wbcdpcv-texliv
e-combined-full-2016/share/texmf/tex/generic/oberdiek/ifvtex.sty
Package: ifvtex 2016/05/16 v1.6 Detect VTeX and its facilities (HO)
Package ifvtex Info: VTeX not detected.
)
(/cvmfs/soft.computecanada.ca/nix/store/c405hz8d8d1mvmz8qqfvk26h2wbcdpcv-texliv
e-combined-full-2016/share/texmf/tex/generic/ifxetex/ifxetex.sty
Package: ifxetex 2010/09/12 v0.6 Provides ifxetex conditional
)
\Gm@cnth=\count79
\Gm@cntv=\count80
\c@Gm@tempcnt=\count81
\Gm@bindingoffset=\dimen104
\Gm@wd@mp=\dimen105
\Gm@odd@mp=\dimen106
\Gm@even@mp=\dimen107
\Gm@layoutwidth=\dimen108
\Gm@layoutheight=\dimen109
\Gm@layouthoffset=\dimen110
\Gm@layoutvoffset=\dimen111
\Gm@dimlist=\toks15
)
No configuration file gnuplot.cfg found.
No file fig3V_b.aux.
\openout1 = `fig3V_b.aux'.

LaTeX Font Info:    Checking defaults for OML/cmm/m/it on input line 58.
LaTeX Font Info:    ... okay on input line 58.
LaTeX Font Info:    Checking defaults for T1/cmr/m/n on input line 58.
LaTeX Font Info:    ... okay on input line 58.
LaTeX Font Info:    Checking defaults for OT1/cmr/m/n on input line 58.
LaTeX Font Info:    ... okay on input line 58.
LaTeX Font Info:    Checking defaults for OMS/cmsy/m/n on input line 58.
LaTeX Font Info:    ... okay on input line 58.
LaTeX Font Info:    Checking defaults for OMX/cmex/m/n on input line 58.
LaTeX Font Info:    ... okay on input line 58.
LaTeX Font Info:    Checking defaults for U/cmr/m/n on input line 58.
LaTeX Font Info:    ... okay on input line 58.
*geometry* detected driver: dvips
*geometry* verbose mode - [ preamble ] result:
* driver: dvips
* paper: custom
* layout: <same size as paper>
* layoutoffset:(h,v)=(0.0pt,0.0pt)
* modes: 
* h-part:(L,W,R)=(0.0pt, 289.07999pt, 0.0pt)
* v-part:(T,H,B)=(0.0pt, 203.76125pt, 0.0pt)
* \paperwidth=289.07999pt
* \paperheight=203.76125pt
* \textwidth=289.07999pt
* \textheight=203.76125pt
* \oddsidemargin=-72.26999pt
* \evensidemargin=-72.26999pt
* \topmargin=-109.26999pt
* \headheight=12.0pt
* \headsep=25.0pt
* \topskip=9.0pt
* \footskip=30.0pt
* \marginparwidth=4.0pt
* \marginparsep=10.0pt
* \columnsep=0.0pt
* \skip\footins=8.0pt plus 4.0pt minus 2.0pt
* \hoffset=0.0pt
* \voffset=0.0pt
* \mag=1000
* \@twocolumnfalse
* \@twosidefalse
* \@mparswitchfalse
* \@reversemarginfalse
* (1in=72.27pt=25.4mm, 1cm=28.453pt)

LaTeX Font Info:    External font `cmex10' loaded for size
(Font)              <9> on input line 155.
LaTeX Font Info:    External font `cmex10' loaded for size
(Font)              <6> on input line 155.
LaTeX Font Info:    External font `cmex10' loaded for size
(Font)              <5> on input line 155.
File: fig3V_b-inc.eps Graphic file (type eps)
<fig3V_b-inc.eps> [1] (./fig3V_b.aux) ) 
Here is how much of TeX's memory you used:
 1088 strings out of 492961
 18490 string characters out of 6095925
 72499 words of memory out of 5000000
 4667 multiletter control sequences out of 15000+600000
 5463 words of font info for 20 fonts, out of 8000000 for 9000
 1181 hyphenation exceptions out of 8191
 25i,6n,31p,202b,244s stack positions out of 5000i,500n,10000p,200000b,80000s

Output written on fig3V_b.dvi (1 page, 1256 bytes).
